<?xml version="1.0" encoding="UTF-8"?>
<!-- Generated by org.testng.reporters.JUnitReportReporter -->
<testsuite hostname="IN-5CG0251N5L" failures="0" tests="4" name="PrioritySet" time="0.024" errors="0" timestamp="2020-12-12T00:15:52 IST" skipped="0">
  <testcase classname="PrioritySet" name="testcase4" time="0.016"/>
  <system-out/>
  <testcase classname="PrioritySet" name="testcase1" time="0.002"/>
  <system-out/>
  <testcase classname="PrioritySet" name="testcase3" time="0.003"/>
  <system-out/>
  <testcase classname="PrioritySet" name="testcase2" time="0.003"/>
  <system-out/>
</testsuite> <!-- PrioritySet -->
