<?xml version="1.0" encoding="UTF-8"?>
<!-- Generated by org.testng.reporters.JUnitReportReporter -->
<testsuite hostname="IN-5CG0251N5L" failures="0" tests="1" name="VariousAssertions" time="0.017" errors="0" timestamp="2020-12-11T23:32:44 IST" skipped="0">
  <testcase classname="VariousAssertions" name="ast" time="0.017"/>
  <system-out/>
</testsuite> <!-- VariousAssertions -->
