<?xml version="1.0" encoding="UTF-8"?>
<!-- Generated by org.testng.reporters.JUnitReportReporter -->
<testsuite hostname="IN-5CG0251N5L" failures="0" tests="4" name="PrioritySet" time="9.855" errors="0" timestamp="2020-12-13T20:48:50 IST" skipped="0">
  <testcase classname="PrioritySet" name="testcase1" time="9.852"/>
  <system-out/>
  <testcase classname="PrioritySet" name="testcase2" time="0.001"/>
  <system-out/>
  <testcase classname="PrioritySet" name="testcase3" time="0.001"/>
  <system-out/>
  <testcase classname="PrioritySet" name="testcase4" time="0.001"/>
  <system-out/>
</testsuite> <!-- PrioritySet -->
